Arguments: 
  /usr/local/bin/node /usr/share/yarn/bin/yarn.js add --dev babel-cli babel-preset-es2015@6

PATH: 
  /usr/local/sbin:/usr/local/bin:/usr/sbin:/usr/bin:/sbin:/bin:/usr/games:/usr/local/games:/snap/bin

Yarn version: 
  0.27.5

Node version: 
  8.9.4

Platform: 
  linux x64

npm manifest: 
  {
    "name": "error-handling-utils",
    "version": "1.0.1",
    "description": "",
    "main": "src/index.js",
    "scripts": {
      "test": "echo \"Error: no test specified\" && exit 1",
      "build": "babel src --presets babel-preset-es2015 --out-dir dist"
    },
    "keywords": [],
    "author": "",
    "license": "ISC",
    "dependencies": {
      "lodash": "^4.17.10",
      "prop-types": "^15.0.0",
      "react": "^16.0.0"
    },
    "devDependencies": {
      "babel-eslint": "^8.2.6",
      "eslint": "^4.19.1",
      "eslint-config-airbnb": "^17.0.0",
      "eslint-plugin-import": "^2.13.0",
      "eslint-plugin-jsx-a11y": "^6.1.1",
      "eslint-plugin-react": "^7.10.0"
    }
  }

yarn manifest: 
  No manifest

Lockfile: 
  No lockfile

Trace: 
  Error: EACCES: permission denied, mkdir '/home/fede/node-apps/error-handling/node_modules/@babel/generator/node_modules'
